
===========================================================================
 report_power
============================================================================
======================= Fastest Corner ===================================

Group                  Internal  Switching    Leakage      Total
                          Power      Power      Power      Power (Watts)
----------------------------------------------------------------
Sequential             7.17e-05   1.05e-05   1.99e-08   8.22e-05  43.4%
Combinational          2.25e-05   3.12e-05   2.37e-09   5.37e-05  28.4%
Clock                  3.05e-05   2.29e-05   6.19e-10   5.34e-05  28.2%
Macro                  0.00e+00   0.00e+00   0.00e+00   0.00e+00   0.0%
Pad                    0.00e+00   0.00e+00   0.00e+00   0.00e+00   0.0%
----------------------------------------------------------------
Total                  1.25e-04   6.47e-05   2.29e-08   1.89e-04 100.0%
                          65.8%      34.2%       0.0%

======================= Slowest Corner ===================================

Group                  Internal  Switching    Leakage      Total
                          Power      Power      Power      Power (Watts)
----------------------------------------------------------------
Sequential             4.81e-05   6.89e-06   4.13e-07   5.54e-05  42.6%
Combinational          1.60e-05   2.07e-05   1.28e-06   3.80e-05  29.3%
Clock                  2.18e-05   1.46e-05   6.17e-08   3.65e-05  28.1%
Macro                  0.00e+00   0.00e+00   0.00e+00   0.00e+00   0.0%
Pad                    0.00e+00   0.00e+00   0.00e+00   0.00e+00   0.0%
----------------------------------------------------------------
Total                  8.59e-05   4.22e-05   1.76e-06   1.30e-04 100.0%
                          66.1%      32.5%       1.4%

======================= Typical Corner ===================================

Group                  Internal  Switching    Leakage      Total
                          Power      Power      Power      Power (Watts)
----------------------------------------------------------------
Sequential             6.18e-05   8.82e-06   1.97e-08   7.07e-05  43.4%
Combinational          1.99e-05   2.64e-05   1.06e-09   4.63e-05  28.4%
Clock                  2.67e-05   1.92e-05   4.64e-10   4.59e-05  28.2%
Macro                  0.00e+00   0.00e+00   0.00e+00   0.00e+00   0.0%
Pad                    0.00e+00   0.00e+00   0.00e+00   0.00e+00   0.0%
----------------------------------------------------------------
Total                  1.08e-04   5.44e-05   2.13e-08   1.63e-04 100.0%
                          66.6%      33.4%       0.0%

