
===========================================================================
 report_power
============================================================================
======================= Fastest Corner ===================================

Group                  Internal  Switching    Leakage      Total
                          Power      Power      Power      Power (Watts)
----------------------------------------------------------------
Sequential             6.52e-05   4.78e-07   2.07e-08   6.57e-05  51.5%
Combinational          2.27e-06   4.14e-06   2.28e-09   6.42e-06   5.0%
Clock                  3.26e-05   2.27e-05   6.48e-10   5.53e-05  43.4%
Macro                  0.00e+00   0.00e+00   0.00e+00   0.00e+00   0.0%
Pad                    0.00e+00   0.00e+00   0.00e+00   0.00e+00   0.0%
----------------------------------------------------------------
Total                  1.00e-04   2.74e-05   2.36e-08   1.27e-04 100.0%
                          78.5%      21.5%       0.0%

======================= Slowest Corner ===================================

Group                  Internal  Switching    Leakage      Total
                          Power      Power      Power      Power (Watts)
----------------------------------------------------------------
Sequential             4.33e-05   3.10e-07   4.11e-07   4.41e-05  50.2%
Combinational          1.64e-06   2.76e-06   1.30e-06   5.71e-06   6.5%
Clock                  2.33e-05   1.45e-05   6.39e-08   3.79e-05  43.2%
Macro                  0.00e+00   0.00e+00   0.00e+00   0.00e+00   0.0%
Pad                    0.00e+00   0.00e+00   0.00e+00   0.00e+00   0.0%
----------------------------------------------------------------
Total                  6.83e-05   1.76e-05   1.78e-06   8.77e-05 100.0%
                          77.9%      20.0%       2.0%

======================= Typical Corner ===================================

Group                  Internal  Switching    Leakage      Total
                          Power      Power      Power      Power (Watts)
----------------------------------------------------------------
Sequential             5.61e-05   3.99e-07   2.05e-08   5.65e-05  51.6%
Combinational          2.02e-06   3.52e-06   1.09e-09   5.54e-06   5.1%
Clock                  2.85e-05   1.90e-05   4.82e-10   4.76e-05  43.4%
Macro                  0.00e+00   0.00e+00   0.00e+00   0.00e+00   0.0%
Pad                    0.00e+00   0.00e+00   0.00e+00   0.00e+00   0.0%
----------------------------------------------------------------
Total                  8.67e-05   2.30e-05   2.20e-08   1.10e-04 100.0%
                          79.0%      20.9%       0.0%

